<?xml version="1.0" encoding="UTF-8"?>
<testng-results ignored="0" total="3" passed="3" failed="0" skipped="0">
  <reporter-output>
  </reporter-output>
  <suite started-at="2024-11-19T21:39:16 IST" name="Default suite" finished-at="2024-11-19T21:39:32 IST" duration-ms="15394">
    <groups>
      <group name="sanity">
        <method signature="BaseClass.verifyLoginTest()[pri:0, instance:tests.BaseClass@6fdbe764]" name="verifyLoginTest" class="tests.BaseClass"/>
      </group> <!-- sanity -->
      <group name="Smoke">
        <method signature="BaseClass.verifyLoginTest1()[pri:0, instance:tests.BaseClass@6fdbe764]" name="verifyLoginTest1" class="tests.BaseClass"/>
        <method signature="BaseClass.verifyLoginTest2()[pri:0, instance:tests.BaseClass@6fdbe764]" name="verifyLoginTest2" class="tests.BaseClass"/>
      </group> <!-- Smoke -->
    </groups>
    <test started-at="2024-11-19T21:39:16 IST" name="Default test" finished-at="2024-11-19T21:39:32 IST" duration-ms="15394">
      <class name="tests.BaseClass">
        <test-method is-config="true" signature="setUp()[pri:0, instance:tests.BaseClass@6fdbe764]" started-at="2024-11-19T21:39:16 IST" name="setUp" finished-at="2024-11-19T21:39:21 IST" duration-ms="4766" status="PASS">
          <reporter-output>
          </reporter-output>
        </test-method> <!-- setUp -->
        <test-method signature="verifyLoginTest()[pri:0, instance:tests.BaseClass@6fdbe764]" started-at="2024-11-19T21:39:21 IST" name="verifyLoginTest" finished-at="2024-11-19T21:39:21 IST" duration-ms="369" status="PASS">
          <reporter-output>
          </reporter-output>
        </test-method> <!-- verifyLoginTest -->
        <test-method is-config="true" signature="tearDown()[pri:0, instance:tests.BaseClass@6fdbe764]" started-at="2024-11-19T21:39:21 IST" name="tearDown" finished-at="2024-11-19T21:39:22 IST" duration-ms="265" status="PASS">
          <reporter-output>
          </reporter-output>
        </test-method> <!-- tearDown -->
        <test-method is-config="true" signature="setUp()[pri:0, instance:tests.BaseClass@6fdbe764]" started-at="2024-11-19T21:39:22 IST" name="setUp" finished-at="2024-11-19T21:39:25 IST" duration-ms="3778" status="PASS">
          <reporter-output>
          </reporter-output>
        </test-method> <!-- setUp -->
        <test-method signature="verifyLoginTest1()[pri:0, instance:tests.BaseClass@6fdbe764]" started-at="2024-11-19T21:39:25 IST" name="verifyLoginTest1" finished-at="2024-11-19T21:39:26 IST" duration-ms="340" status="PASS">
          <reporter-output>
          </reporter-output>
        </test-method> <!-- verifyLoginTest1 -->
        <test-method is-config="true" signature="tearDown()[pri:0, instance:tests.BaseClass@6fdbe764]" started-at="2024-11-19T21:39:26 IST" name="tearDown" finished-at="2024-11-19T21:39:26 IST" duration-ms="264" status="PASS">
          <reporter-output>
          </reporter-output>
        </test-method> <!-- tearDown -->
        <test-method is-config="true" signature="setUp()[pri:0, instance:tests.BaseClass@6fdbe764]" started-at="2024-11-19T21:39:26 IST" name="setUp" finished-at="2024-11-19T21:39:30 IST" duration-ms="3918" status="PASS">
          <reporter-output>
          </reporter-output>
        </test-method> <!-- setUp -->
        <test-method signature="verifyLoginTest2()[pri:0, instance:tests.BaseClass@6fdbe764]" started-at="2024-11-19T21:39:30 IST" name="verifyLoginTest2" finished-at="2024-11-19T21:39:31 IST" duration-ms="1368" status="PASS">
          <reporter-output>
          </reporter-output>
        </test-method> <!-- verifyLoginTest2 -->
        <test-method is-config="true" signature="tearDown()[pri:0, instance:tests.BaseClass@6fdbe764]" started-at="2024-11-19T21:39:31 IST" name="tearDown" finished-at="2024-11-19T21:39:32 IST" duration-ms="199" status="PASS">
          <reporter-output>
          </reporter-output>
        </test-method> <!-- tearDown -->
      </class> <!-- tests.BaseClass -->
    </test> <!-- Default test -->
  </suite> <!-- Default suite -->
</testng-results>
