<?xml version="1.0" encoding="UTF-8"?>
<!-- Generated by org.testng.reporters.JUnitXMLReporter -->
<testsuite ignored="0" hostname="AZJ-L-CQVHNN3" failures="0" tests="3" name="Default test" time="15.394" errors="0" timestamp="2024-11-19T21:39:32 IST">
  <testcase classname="tests.BaseClass" name="verifyLoginTest" time="0.369"/>
  <testcase classname="tests.BaseClass" name="verifyLoginTest1" time="0.34"/>
  <testcase classname="tests.BaseClass" name="verifyLoginTest2" time="1.368"/>
</testsuite> <!-- Default test -->
